<?xml version="1.0" encoding="UTF-8"?>
<testng-results ignored="0" total="1" passed="1" failed="0" skipped="0">
  <reporter-output>
  </reporter-output>
  <suite started-at="2022-11-23T09:40:22 IST" name="Default suite" finished-at="2022-11-23T09:41:08 IST" duration-ms="45749">
    <groups>
    </groups>
    <test started-at="2022-11-23T09:40:22 IST" name="Default test" finished-at="2022-11-23T09:41:08 IST" duration-ms="45749">
      <class name="clocksoftware.Tests.SubmitingOrderTest">
        <test-method is-config="true" signature="BeforeTest()[pri:0, instance:clocksoftware.Tests.SubmitingOrderTest@459e9125]" started-at="2022-11-23T09:40:22 IST" name="BeforeTest" finished-at="2022-11-23T09:40:48 IST" duration-ms="26453" status="PASS">
          <reporter-output>
          </reporter-output>
        </test-method> <!-- BeforeTest -->
        <test-method signature="SubmitingOrderTest()[pri:0, instance:clocksoftware.Tests.SubmitingOrderTest@459e9125]" started-at="2022-11-23T09:40:48 IST" name="SubmitingOrderTest" finished-at="2022-11-23T09:41:07 IST" duration-ms="18749" status="PASS">
          <reporter-output>
          </reporter-output>
        </test-method> <!-- SubmitingOrderTest -->
        <test-method is-config="true" signature="AfterTest()[pri:0, instance:clocksoftware.Tests.SubmitingOrderTest@459e9125]" started-at="2022-11-23T09:41:07 IST" name="AfterTest" finished-at="2022-11-23T09:41:08 IST" duration-ms="479" status="PASS">
          <reporter-output>
          </reporter-output>
        </test-method> <!-- AfterTest -->
      </class> <!-- clocksoftware.Tests.SubmitingOrderTest -->
    </test> <!-- Default test -->
  </suite> <!-- Default suite -->
</testng-results>
