<?xml version="1.0" encoding="UTF-8"?>
<testng-results ignored="0" total="1" passed="1" failed="0" skipped="0">
  <reporter-output>
  </reporter-output>
  <suite started-at="2022-11-15T17:04:28 IST" name="Default suite" finished-at="2022-11-15T17:04:40 IST" duration-ms="12776">
    <groups>
    </groups>
    <test started-at="2022-11-15T17:04:28 IST" name="Default test" finished-at="2022-11-15T17:04:40 IST" duration-ms="12776">
      <class name="rajeshjavaproject.Tests.SubmitingOrderTest">
        <test-method is-config="true" signature="BeforeTest()[pri:0, instance:rajeshjavaproject.Tests.SubmitingOrderTest@459e9125]" started-at="2022-11-15T17:04:28 IST" name="BeforeTest" finished-at="2022-11-15T17:04:33 IST" duration-ms="4943" status="PASS">
          <reporter-output>
          </reporter-output>
        </test-method> <!-- BeforeTest -->
        <test-method signature="SubmitingOrderTest()[pri:0, instance:rajeshjavaproject.Tests.SubmitingOrderTest@459e9125]" started-at="2022-11-15T17:04:33 IST" name="SubmitingOrderTest" finished-at="2022-11-15T17:04:40 IST" duration-ms="7492" status="PASS">
          <reporter-output>
          </reporter-output>
        </test-method> <!-- SubmitingOrderTest -->
        <test-method is-config="true" signature="AfterTest()[pri:0, instance:rajeshjavaproject.Tests.SubmitingOrderTest@459e9125]" started-at="2022-11-15T17:04:40 IST" name="AfterTest" finished-at="2022-11-15T17:04:40 IST" duration-ms="264" status="PASS">
          <reporter-output>
          </reporter-output>
        </test-method> <!-- AfterTest -->
      </class> <!-- rajeshjavaproject.Tests.SubmitingOrderTest -->
    </test> <!-- Default test -->
  </suite> <!-- Default suite -->
</testng-results>
